{"numFailedTestSuites":0,"numFailedTests":0,"numPassedTestSuites":3,"numPassedTests":20,"numPendingTestSuites":0,"numPendingTests":0,"numRuntimeErrorTestSuites":0,"numTodoTests":0,"numTotalTestSuites":3,"numTotalTests":20,"openHandles":[],"snapshot":{"added":0,"didUpdate":false,"failure":false,"filesAdded":0,"filesRemoved":0,"filesRemovedList":[],"filesUnmatched":0,"filesUpdated":0,"matched":0,"total":0,"unchecked":0,"uncheckedKeysByFile":[],"unmatched":0,"updated":0},"startTime":1703368124395,"success":true,"testResults":[{"assertionResults":[{"ancestorTitles":["index"],"duration":9,"failureDetails":[],"failureMessages":[],"fullName":"index calls run when imported","invocations":1,"location":null,"numPassingAsserts":1,"retryReasons":[],"status":"passed","title":"calls run when imported"}],"endTime":1703368124939,"message":"","name":"/home/jason/dev/portainer-api/__tests__/index.test.js","startTime":1703368124548,"status":"passed","summary":""},{"assertionResults":[{"ancestorTitles":["action"],"duration":1503,"failureDetails":[],"failureMessages":[],"fullName":"action sets the inputs","invocations":1,"location":null,"numPassingAsserts":2,"retryReasons":[],"status":"passed","title":"sets the inputs"},{"ancestorTitles":["action"],"duration":2,"failureDetails":[],"failureMessages":[],"fullName":"action fails if no input is provided","invocations":1,"location":null,"numPassingAsserts":2,"retryReasons":[],"status":"passed","title":"fails if no input is provided"}],"endTime":1703368126605,"message":"","name":"/home/jason/dev/portainer-api/__tests__/main.test.js","startTime":1703368124538,"status":"passed","summary":""},{"assertionResults":[{"ancestorTitles":["Portainer API bad data tests"],"duration":6,"failureDetails":[],"failureMessages":[],"fullName":"Portainer API bad data tests Should create an APIError","invocations":1,"location":null,"numPassingAsserts":1,"retryReasons":[],"status":"passed","title":"Should create an APIError"},{"ancestorTitles":["Portainer API bad data tests"],"duration":61,"failureDetails":[],"failureMessages":[],"fullName":"Portainer API bad data tests should handle bad url","invocations":1,"location":null,"numPassingAsserts":1,"retryReasons":[],"status":"passed","title":"should handle bad url"},{"ancestorTitles":["Portainer API bad data tests"],"duration":92,"failureDetails":[],"failureMessages":[],"fullName":"Portainer API bad data tests should handle authentication failure","invocations":1,"location":null,"numPassingAsserts":1,"retryReasons":[],"status":"passed","title":"should handle authentication failure"},{"ancestorTitles":["Portainer API Functions before auth"],"duration":12,"failureDetails":[],"failureMessages":[],"fullName":"Portainer API Functions before auth Should fail noauthtoken calling getEndpointId","invocations":1,"location":null,"numPassingAsserts":1,"retryReasons":[],"status":"passed","title":"Should fail noauthtoken calling getEndpointId"},{"ancestorTitles":["Portainer API Functions before auth"],"duration":12,"failureDetails":[],"failureMessages":[],"fullName":"Portainer API Functions before auth Should fail noauthtoken calling getStacks","invocations":1,"location":null,"numPassingAsserts":1,"retryReasons":[],"status":"passed","title":"Should fail noauthtoken calling getStacks"},{"ancestorTitles":["Portainer API Functions before auth"],"duration":13,"failureDetails":[],"failureMessages":[],"fullName":"Portainer API Functions before auth Should fail noauthtoken calling createStack","invocations":1,"location":null,"numPassingAsserts":1,"retryReasons":[],"status":"passed","title":"Should fail noauthtoken calling createStack"},{"ancestorTitles":["Portainer API Functions before auth"],"duration":11,"failureDetails":[],"failureMessages":[],"fullName":"Portainer API Functions before auth Should fail noauthtoken calling getStackByName","invocations":1,"location":null,"numPassingAsserts":1,"retryReasons":[],"status":"passed","title":"Should fail noauthtoken calling getStackByName"},{"ancestorTitles":["Portainer API Functions before auth"],"duration":11,"failureDetails":[],"failureMessages":[],"fullName":"Portainer API Functions before auth Should fail noauthtoken calling deleteStack","invocations":1,"location":null,"numPassingAsserts":1,"retryReasons":[],"status":"passed","title":"Should fail noauthtoken calling deleteStack"},{"ancestorTitles":["Portainer API Functions after auth"],"duration":1,"failureDetails":[],"failureMessages":[],"fullName":"Portainer API Functions after auth Should get auth status","invocations":1,"location":null,"numPassingAsserts":1,"retryReasons":[],"status":"passed","title":"Should get auth status"},{"ancestorTitles":["Portainer API Functions after auth"],"duration":13,"failureDetails":[],"failureMessages":[],"fullName":"Portainer API Functions after auth Should get null endpointId","invocations":1,"location":null,"numPassingAsserts":1,"retryReasons":[],"status":"passed","title":"Should get null endpointId"},{"ancestorTitles":["Portainer API Functions after auth"],"duration":12,"failureDetails":[],"failureMessages":[],"fullName":"Portainer API Functions after auth Should get local endpointId","invocations":1,"location":null,"numPassingAsserts":1,"retryReasons":[],"status":"passed","title":"Should get local endpointId"},{"ancestorTitles":["Portainer API Functions after auth"],"duration":631,"failureDetails":[],"failureMessages":[],"fullName":"Portainer API Functions after auth Should create a stack","invocations":1,"location":null,"numPassingAsserts":2,"retryReasons":[],"status":"passed","title":"Should create a stack"},{"ancestorTitles":["Portainer API Functions after auth"],"duration":12,"failureDetails":[],"failureMessages":[],"fullName":"Portainer API Functions after auth Should get stacks","invocations":1,"location":null,"numPassingAsserts":2,"retryReasons":[],"status":"passed","title":"Should get stacks"},{"ancestorTitles":["Portainer API Functions after auth"],"duration":1037,"failureDetails":[],"failureMessages":[],"fullName":"Portainer API Functions after auth Should create a stackb","invocations":1,"location":null,"numPassingAsserts":2,"retryReasons":[],"status":"passed","title":"Should create a stackb"},{"ancestorTitles":["Portainer API Functions after auth"],"duration":11,"failureDetails":[],"failureMessages":[],"fullName":"Portainer API Functions after auth Should get stack by name if exists","invocations":1,"location":null,"numPassingAsserts":2,"retryReasons":[],"status":"passed","title":"Should get stack by name if exists"},{"ancestorTitles":["Portainer API Functions after auth"],"duration":312,"failureDetails":[],"failureMessages":[],"fullName":"Portainer API Functions after auth Should delete a stack by name","invocations":1,"location":null,"numPassingAsserts":1,"retryReasons":[],"status":"passed","title":"Should delete a stack by name"},{"ancestorTitles":["Portainer API Functions after auth"],"duration":21,"failureDetails":[],"failureMessages":[],"fullName":"Portainer API Functions after auth Should fail delete nonexistent stack","invocations":1,"location":null,"numPassingAsserts":1,"retryReasons":[],"status":"passed","title":"Should fail delete nonexistent stack"}],"endTime":1703368127447,"message":"","name":"/home/jason/dev/portainer-api/__tests__/portainer-api.test.js","startTime":1703368124545,"status":"passed","summary":""}],"wasInterrupted":false,"coverageMap":{"/home/jason/dev/portainer-api/src/index.js":{"path":"/home/jason/dev/portainer-api/src/index.js","statementMap":{"0":{"start":{"line":4,"column":16},"end":{"line":4,"column":33}},"1":{"start":{"line":6,"column":0},"end":{"line":6,"column":5}}},"fnMap":{},"branchMap":{},"s":{"0":1,"1":1},"f":{},"b":{},"_coverageSchema":"1a1c01bbd47fc00a2c39e90264f33305004495a9","hash":"c8b5c87430a0cd384714d1b2504906472200b415"},"/home/jason/dev/portainer-api/src/main.js":{"path":"/home/jason/dev/portainer-api/src/main.js","statementMap":{"0":{"start":{"line":1,"column":13},"end":{"line":1,"column":37}},"1":{"start":{"line":2,"column":25},"end":{"line":2,"column":51}},"2":{"start":{"line":3,"column":18},"end":{"line":3,"column":43}},"3":{"start":{"line":10,"column":2},"end":{"line":40,"column":3}},"4":{"start":{"line":11,"column":18},"end":{"line":11,"column":29}},"5":{"start":{"line":12,"column":4},"end":{"line":12,"column":34}},"6":{"start":{"line":14,"column":16},"end":{"line":19,"column":5}},"7":{"start":{"line":20,"column":4},"end":{"line":20,"column":28}},"8":{"start":{"line":21,"column":4},"end":{"line":21,"column":62}},"9":{"start":{"line":22,"column":23},"end":{"line":22,"column":72}},"10":{"start":{"line":25,"column":4},"end":{"line":25,"column":35}},"11":{"start":{"line":26,"column":18},"end":{"line":35,"column":5}},"12":{"start":{"line":36,"column":4},"end":{"line":36,"column":33}},"13":{"start":{"line":37,"column":4},"end":{"line":37,"column":19}},"14":{"start":{"line":39,"column":4},"end":{"line":39,"column":33}},"15":{"start":{"line":43,"column":0},"end":{"line":45,"column":1}}},"fnMap":{"0":{"name":"run","decl":{"start":{"line":9,"column":15},"end":{"line":9,"column":18}},"loc":{"start":{"line":9,"column":21},"end":{"line":41,"column":1}},"line":9}},"branchMap":{},"s":{"0":1,"1":1,"2":1,"3":2,"4":2,"5":1,"6":1,"7":1,"8":1,"9":1,"10":1,"11":1,"12":1,"13":1,"14":1,"15":1},"f":{"0":2},"b":{},"_coverageSchema":"1a1c01bbd47fc00a2c39e90264f33305004495a9","hash":"edc0dd382d1ef3af23227356e2c422eb11445aed"},"/home/jason/dev/portainer-api/src/portainer-api.js":{"path":"/home/jason/dev/portainer-api/src/portainer-api.js","statementMap":{"0":{"start":{"line":1,"column":14},"end":{"line":1,"column":30}},"1":{"start":{"line":2,"column":14},"end":{"line":2,"column":30}},"2":{"start":{"line":6,"column":4},"end":{"line":12,"column":5}},"3":{"start":{"line":7,"column":6},"end":{"line":7,"column":18}},"4":{"start":{"line":8,"column":11},"end":{"line":12,"column":5}},"5":{"start":{"line":9,"column":6},"end":{"line":9,"column":26}},"6":{"start":{"line":11,"column":6},"end":{"line":11,"column":47}},"7":{"start":{"line":15,"column":4},"end":{"line":15,"column":30}},"8":{"start":{"line":16,"column":4},"end":{"line":16,"column":26}},"9":{"start":{"line":24,"column":11},"end":{"line":24,"column":15}},"10":{"start":{"line":28,"column":16},"end":{"line":28,"column":36}},"11":{"start":{"line":29,"column":4},"end":{"line":29,"column":26}},"12":{"start":{"line":30,"column":4},"end":{"line":30,"column":32}},"13":{"start":{"line":31,"column":4},"end":{"line":31,"column":29}},"14":{"start":{"line":32,"column":4},"end":{"line":32,"column":29}},"15":{"start":{"line":33,"column":4},"end":{"line":39,"column":6}},"16":{"start":{"line":40,"column":4},"end":{"line":40,"column":50}},"17":{"start":{"line":44,"column":4},"end":{"line":44,"column":31}},"18":{"start":{"line":48,"column":25},"end":{"line":48,"column":32}},"19":{"start":{"line":49,"column":21},"end":{"line":52,"column":5}},"20":{"start":{"line":54,"column":4},"end":{"line":58,"column":5}},"21":{"start":{"line":55,"column":6},"end":{"line":55,"column":66}},"22":{"start":{"line":57,"column":6},"end":{"line":57,"column":31}},"23":{"start":{"line":59,"column":4},"end":{"line":65,"column":5}},"24":{"start":{"line":60,"column":6},"end":{"line":60,"column":37}},"25":{"start":{"line":62,"column":6},"end":{"line":62,"column":80}},"26":{"start":{"line":64,"column":6},"end":{"line":64,"column":75}},"27":{"start":{"line":69,"column":4},"end":{"line":86,"column":5}},"28":{"start":{"line":70,"column":23},"end":{"line":70,"column":61}},"29":{"start":{"line":71,"column":6},"end":{"line":83,"column":7}},"30":{"start":{"line":72,"column":30},"end":{"line":74,"column":9}},"31":{"start":{"line":73,"column":22},"end":{"line":73,"column":44}},"32":{"start":{"line":76,"column":8},"end":{"line":80,"column":9}},"33":{"start":{"line":77,"column":10},"end":{"line":77,"column":33}},"34":{"start":{"line":79,"column":10},"end":{"line":79,"column":21}},"35":{"start":{"line":82,"column":8},"end":{"line":82,"column":80}},"36":{"start":{"line":85,"column":6},"end":{"line":85,"column":31}},"37":{"start":{"line":90,"column":4},"end":{"line":104,"column":5}},"38":{"start":{"line":91,"column":23},"end":{"line":95,"column":7}},"39":{"start":{"line":97,"column":6},"end":{"line":101,"column":7}},"40":{"start":{"line":98,"column":8},"end":{"line":98,"column":28}},"41":{"start":{"line":100,"column":8},"end":{"line":100,"column":76}},"42":{"start":{"line":103,"column":6},"end":{"line":103,"column":31}},"43":{"start":{"line":108,"column":4},"end":{"line":119,"column":5}},"44":{"start":{"line":109,"column":21},"end":{"line":109,"column":53}},"45":{"start":{"line":110,"column":6},"end":{"line":116,"column":7}},"46":{"start":{"line":111,"column":8},"end":{"line":115,"column":9}},"47":{"start":{"line":113,"column":12},"end":{"line":114,"column":60}},"48":{"start":{"line":118,"column":6},"end":{"line":118,"column":31}},"49":{"start":{"line":124,"column":26},"end":{"line":124,"column":74}},"50":{"start":{"line":126,"column":4},"end":{"line":128,"column":5}},"51":{"start":{"line":127,"column":6},"end":{"line":127,"column":58}},"52":{"start":{"line":129,"column":4},"end":{"line":129,"column":66}},"53":{"start":{"line":133,"column":4},"end":{"line":151,"column":5}},"54":{"start":{"line":134,"column":23},"end":{"line":142,"column":7}},"55":{"start":{"line":144,"column":6},"end":{"line":148,"column":7}},"56":{"start":{"line":145,"column":8},"end":{"line":145,"column":28}},"57":{"start":{"line":147,"column":8},"end":{"line":147,"column":78}},"58":{"start":{"line":150,"column":6},"end":{"line":150,"column":31}},"59":{"start":{"line":155,"column":26},"end":{"line":155,"column":74}},"60":{"start":{"line":156,"column":4},"end":{"line":158,"column":5}},"61":{"start":{"line":157,"column":6},"end":{"line":157,"column":59}},"62":{"start":{"line":159,"column":4},"end":{"line":159,"column":73}},"63":{"start":{"line":163,"column":4},"end":{"line":177,"column":5}},"64":{"start":{"line":164,"column":23},"end":{"line":168,"column":8}},"65":{"start":{"line":170,"column":6},"end":{"line":174,"column":7}},"66":{"start":{"line":171,"column":8},"end":{"line":171,"column":19}},"67":{"start":{"line":173,"column":8},"end":{"line":173,"column":78}},"68":{"start":{"line":176,"column":6},"end":{"line":176,"column":31}},"69":{"start":{"line":181,"column":0},"end":{"line":184,"column":1}}},"fnMap":{"0":{"name":"(anonymous_0)","decl":{"start":{"line":5,"column":2},"end":{"line":5,"column":3}},"loc":{"start":{"line":5,"column":21},"end":{"line":17,"column":3}},"line":5},"1":{"name":"(anonymous_1)","decl":{"start":{"line":27,"column":2},"end":{"line":27,"column":3}},"loc":{"start":{"line":27,"column":79},"end":{"line":41,"column":3}},"line":27},"2":{"name":"(anonymous_2)","decl":{"start":{"line":43,"column":2},"end":{"line":43,"column":3}},"loc":{"start":{"line":43,"column":24},"end":{"line":45,"column":3}},"line":43},"3":{"name":"(anonymous_3)","decl":{"start":{"line":47,"column":2},"end":{"line":47,"column":3}},"loc":{"start":{"line":47,"column":23},"end":{"line":66,"column":3}},"line":47},"4":{"name":"(anonymous_4)","decl":{"start":{"line":68,"column":2},"end":{"line":68,"column":3}},"loc":{"start":{"line":68,"column":28},"end":{"line":87,"column":3}},"line":68},"5":{"name":"(anonymous_5)","decl":{"start":{"line":73,"column":10},"end":{"line":73,"column":11}},"loc":{"start":{"line":73,"column":22},"end":{"line":73,"column":44}},"line":73},"6":{"name":"(anonymous_6)","decl":{"start":{"line":89,"column":2},"end":{"line":89,"column":3}},"loc":{"start":{"line":89,"column":37},"end":{"line":105,"column":3}},"line":89},"7":{"name":"(anonymous_7)","decl":{"start":{"line":107,"column":2},"end":{"line":107,"column":3}},"loc":{"start":{"line":107,"column":53},"end":{"line":120,"column":3}},"line":107},"8":{"name":"(anonymous_8)","decl":{"start":{"line":112,"column":10},"end":{"line":112,"column":11}},"loc":{"start":{"line":113,"column":12},"end":{"line":114,"column":60}},"line":113},"9":{"name":"(anonymous_9)","decl":{"start":{"line":122,"column":2},"end":{"line":122,"column":3}},"loc":{"start":{"line":122,"column":65},"end":{"line":130,"column":3}},"line":122},"10":{"name":"(anonymous_10)","decl":{"start":{"line":132,"column":2},"end":{"line":132,"column":3}},"loc":{"start":{"line":132,"column":59},"end":{"line":152,"column":3}},"line":132},"11":{"name":"(anonymous_11)","decl":{"start":{"line":154,"column":2},"end":{"line":154,"column":3}},"loc":{"start":{"line":154,"column":49},"end":{"line":160,"column":3}},"line":154},"12":{"name":"(anonymous_12)","decl":{"start":{"line":162,"column":2},"end":{"line":162,"column":3}},"loc":{"start":{"line":162,"column":41},"end":{"line":178,"column":3}},"line":162}},"branchMap":{"0":{"loc":{"start":{"line":6,"column":4},"end":{"line":12,"column":5}},"type":"if","locations":[{"start":{"line":6,"column":4},"end":{"line":12,"column":5}},{"start":{"line":8,"column":11},"end":{"line":12,"column":5}}],"line":6},"1":{"loc":{"start":{"line":8,"column":11},"end":{"line":12,"column":5}},"type":"if","locations":[{"start":{"line":8,"column":11},"end":{"line":12,"column":5}},{"start":{"line":10,"column":11},"end":{"line":12,"column":5}}],"line":8},"2":{"loc":{"start":{"line":27,"column":27},"end":{"line":27,"column":42}},"type":"default-arg","locations":[{"start":{"line":27,"column":38},"end":{"line":27,"column":42}}],"line":27},"3":{"loc":{"start":{"line":27,"column":44},"end":{"line":27,"column":59}},"type":"default-arg","locations":[{"start":{"line":27,"column":55},"end":{"line":27,"column":59}}],"line":27},"4":{"loc":{"start":{"line":27,"column":61},"end":{"line":27,"column":77}},"type":"default-arg","locations":[{"start":{"line":27,"column":72},"end":{"line":27,"column":77}}],"line":27},"5":{"loc":{"start":{"line":36,"column":18},"end":{"line":38,"column":19}},"type":"cond-expr","locations":[{"start":{"line":37,"column":10},"end":{"line":37,"column":56}},{"start":{"line":38,"column":10},"end":{"line":38,"column":19}}],"line":36},"6":{"loc":{"start":{"line":59,"column":4},"end":{"line":65,"column":5}},"type":"if","locations":[{"start":{"line":59,"column":4},"end":{"line":65,"column":5}},{"start":{"line":63,"column":11},"end":{"line":65,"column":5}}],"line":59},"7":{"loc":{"start":{"line":59,"column":8},"end":{"line":59,"column":69}},"type":"binary-expr","locations":[{"start":{"line":59,"column":8},"end":{"line":59,"column":31}},{"start":{"line":59,"column":35},"end":{"line":59,"column":48}},{"start":{"line":59,"column":52},"end":{"line":59,"column":69}}],"line":59},"8":{"loc":{"start":{"line":71,"column":6},"end":{"line":83,"column":7}},"type":"if","locations":[{"start":{"line":71,"column":6},"end":{"line":83,"column":7}},{"start":{"line":81,"column":13},"end":{"line":83,"column":7}}],"line":71},"9":{"loc":{"start":{"line":71,"column":10},"end":{"line":71,"column":50}},"type":"binary-expr","locations":[{"start":{"line":71,"column":10},"end":{"line":71,"column":33}},{"start":{"line":71,"column":37},"end":{"line":71,"column":50}}],"line":71},"10":{"loc":{"start":{"line":76,"column":8},"end":{"line":80,"column":9}},"type":"if","locations":[{"start":{"line":76,"column":8},"end":{"line":80,"column":9}},{"start":{"line":78,"column":15},"end":{"line":80,"column":9}}],"line":76},"11":{"loc":{"start":{"line":89,"column":18},"end":{"line":89,"column":35}},"type":"default-arg","locations":[{"start":{"line":89,"column":31},"end":{"line":89,"column":35}}],"line":89},"12":{"loc":{"start":{"line":93,"column":10},"end":{"line":93,"column":72}},"type":"cond-expr","locations":[{"start":{"line":93,"column":23},"end":{"line":93,"column":65}},{"start":{"line":93,"column":68},"end":{"line":93,"column":72}}],"line":93},"13":{"loc":{"start":{"line":97,"column":6},"end":{"line":101,"column":7}},"type":"if","locations":[{"start":{"line":97,"column":6},"end":{"line":101,"column":7}},{"start":{"line":99,"column":13},"end":{"line":101,"column":7}}],"line":97},"14":{"loc":{"start":{"line":107,"column":34},"end":{"line":107,"column":51}},"type":"default-arg","locations":[{"start":{"line":107,"column":47},"end":{"line":107,"column":51}}],"line":107},"15":{"loc":{"start":{"line":110,"column":6},"end":{"line":116,"column":7}},"type":"if","locations":[{"start":{"line":110,"column":6},"end":{"line":116,"column":7}},{"start":{},"end":{}}],"line":110},"16":{"loc":{"start":{"line":110,"column":10},"end":{"line":110,"column":41}},"type":"binary-expr","locations":[{"start":{"line":110,"column":10},"end":{"line":110,"column":16}},{"start":{"line":110,"column":20},"end":{"line":110,"column":41}}],"line":110},"17":{"loc":{"start":{"line":113,"column":12},"end":{"line":114,"column":60}},"type":"binary-expr","locations":[{"start":{"line":113,"column":12},"end":{"line":113,"column":36}},{"start":{"line":114,"column":13},"end":{"line":114,"column":24}},{"start":{"line":114,"column":28},"end":{"line":114,"column":59}}],"line":113},"18":{"loc":{"start":{"line":126,"column":4},"end":{"line":128,"column":5}},"type":"if","locations":[{"start":{"line":126,"column":4},"end":{"line":128,"column":5}},{"start":{},"end":{}}],"line":126},"19":{"loc":{"start":{"line":144,"column":6},"end":{"line":148,"column":7}},"type":"if","locations":[{"start":{"line":144,"column":6},"end":{"line":148,"column":7}},{"start":{"line":146,"column":13},"end":{"line":148,"column":7}}],"line":144},"20":{"loc":{"start":{"line":156,"column":4},"end":{"line":158,"column":5}},"type":"if","locations":[{"start":{"line":156,"column":4},"end":{"line":158,"column":5}},{"start":{},"end":{}}],"line":156},"21":{"loc":{"start":{"line":170,"column":6},"end":{"line":174,"column":7}},"type":"if","locations":[{"start":{"line":170,"column":6},"end":{"line":174,"column":7}},{"start":{"line":172,"column":13},"end":{"line":174,"column":7}}],"line":170},"22":{"loc":{"start":{"line":170,"column":10},"end":{"line":170,"column":60}},"type":"binary-expr","locations":[{"start":{"line":170,"column":10},"end":{"line":170,"column":33}},{"start":{"line":170,"column":37},"end":{"line":170,"column":60}}],"line":170}},"s":{"0":2,"1":2,"2":23,"3":15,"4":8,"5":7,"6":1,"7":23,"8":23,"9":5,"10":5,"11":5,"12":5,"13":5,"14":5,"15":5,"16":5,"17":1,"18":4,"19":4,"20":4,"21":4,"22":1,"23":3,"24":2,"25":2,"26":1,"27":4,"28":4,"29":4,"30":3,"31":3,"32":3,"33":2,"34":1,"35":1,"36":1,"37":8,"38":8,"39":8,"40":6,"41":2,"42":2,"43":6,"44":6,"45":5,"46":5,"47":12,"48":1,"49":2,"50":2,"51":2,"52":2,"53":4,"54":4,"55":4,"56":3,"57":1,"58":1,"59":2,"60":2,"61":1,"62":1,"63":4,"64":4,"65":4,"66":3,"67":1,"68":1,"69":2},"f":{"0":23,"1":5,"2":1,"3":4,"4":4,"5":3,"6":8,"7":6,"8":12,"9":2,"10":4,"11":2,"12":4},"b":{"0":[15,8],"1":[7,1],"2":[0],"3":[0],"4":[0],"5":[5,0],"6":[2,1],"7":[3,2,2],"8":[3,1],"9":[4,3],"10":[2,1],"11":[0],"12":[5,3],"13":[6,2],"14":[2],"15":[5,0],"16":[5,5],"17":[12,4,3],"18":[2,0],"19":[3,1],"20":[1,1],"21":[3,1],"22":[4,4]},"_coverageSchema":"1a1c01bbd47fc00a2c39e90264f33305004495a9","hash":"d01a7391241fc3b1badae90c6baa6842d998f33f"},"/home/jason/dev/portainer-api/src/inputHandler.js":{"path":"/home/jason/dev/portainer-api/src/inputHandler.js","statementMap":{"0":{"start":{"line":1,"column":13},"end":{"line":1,"column":37}},"1":{"start":{"line":2,"column":11},"end":{"line":2,"column":24}},"2":{"start":{"line":5,"column":2},"end":{"line":14,"column":3}},"3":{"start":{"line":6,"column":4},"end":{"line":11,"column":5}},"4":{"start":{"line":13,"column":4},"end":{"line":13,"column":33}},"5":{"start":{"line":18,"column":14},"end":{"line":18,"column":29}},"6":{"start":{"line":20,"column":2},"end":{"line":22,"column":3}},"7":{"start":{"line":21,"column":4},"end":{"line":21,"column":13}},"8":{"start":{"line":23,"column":16},"end":{"line":23,"column":18}},"9":{"start":{"line":25,"column":2},"end":{"line":30,"column":3}},"10":{"start":{"line":26,"column":4},"end":{"line":29,"column":6}},"11":{"start":{"line":31,"column":2},"end":{"line":31,"column":14}},"12":{"start":{"line":35,"column":14},"end":{"line":35,"column":16}},"13":{"start":{"line":36,"column":2},"end":{"line":49,"column":3}},"14":{"start":{"line":37,"column":4},"end":{"line":43,"column":5}},"15":{"start":{"line":44,"column":4},"end":{"line":44,"column":57}},"16":{"start":{"line":45,"column":4},"end":{"line":45,"column":16}},"17":{"start":{"line":47,"column":4},"end":{"line":47,"column":33}},"18":{"start":{"line":48,"column":4},"end":{"line":48,"column":34}},"19":{"start":{"line":52,"column":0},"end":{"line":57,"column":1}},"20":{"start":{"line":53,"column":2},"end":{"line":56,"column":3}}},"fnMap":{"0":{"name":"getPortainerInputs","decl":{"start":{"line":4,"column":9},"end":{"line":4,"column":27}},"loc":{"start":{"line":4,"column":30},"end":{"line":15,"column":1}},"line":4},"1":{"name":"_stringToNameValuePairs","decl":{"start":{"line":17,"column":9},"end":{"line":17,"column":32}},"loc":{"start":{"line":17,"column":38},"end":{"line":32,"column":1}},"line":17},"2":{"name":"getStackInputs","decl":{"start":{"line":34,"column":9},"end":{"line":34,"column":23}},"loc":{"start":{"line":34,"column":26},"end":{"line":50,"column":1}},"line":34},"3":{"name":"getInputs","decl":{"start":{"line":52,"column":26},"end":{"line":52,"column":35}},"loc":{"start":{"line":52,"column":38},"end":{"line":57,"column":1}},"line":52}},"branchMap":{"0":{"loc":{"start":{"line":10,"column":16},"end":{"line":10,"column":62}},"type":"binary-expr","locations":[{"start":{"line":10,"column":16},"end":{"line":10,"column":51}},{"start":{"line":10,"column":55},"end":{"line":10,"column":62}}],"line":10},"1":{"loc":{"start":{"line":20,"column":2},"end":{"line":22,"column":3}},"type":"if","locations":[{"start":{"line":20,"column":2},"end":{"line":22,"column":3}},{"start":{},"end":{}}],"line":20},"2":{"loc":{"start":{"line":40,"column":35},"end":{"line":40,"column":69}},"type":"binary-expr","locations":[{"start":{"line":40,"column":35},"end":{"line":40,"column":61}},{"start":{"line":40,"column":65},"end":{"line":40,"column":69}}],"line":40}},"s":{"0":1,"1":1,"2":2,"3":2,"4":1,"5":2,"6":2,"7":1,"8":1,"9":1,"10":2,"11":1,"12":2,"13":2,"14":2,"15":2,"16":1,"17":1,"18":1,"19":1,"20":2},"f":{"0":2,"1":2,"2":2,"3":2},"b":{"0":[1,0],"1":[1,1],"2":[2,1]},"_coverageSchema":"1a1c01bbd47fc00a2c39e90264f33305004495a9","hash":"a30ee5490fb709728cdad0590d08e4b766446768"}}}
